2025-07-27 21:41:42.062268 - User: AnonymousUser - Path: /api/conversations/c4a6ddad-73b4-4b9f-b58d-2c8e7f0db836/messages
2025-07-27 21:41:42.099934 - User: AnonymousUser - Path: /api/conversations/c4a6ddad-73b4-4b9f-b58d-2c8e7f0db836/messages/
2025-07-27 21:42:25.846700 - User: AnonymousUser - Path: /api/token/
2025-07-27 21:42:54.908128 - User: lesedi - Path: /api/conversations/
2025-07-27 21:43:14.133297 - User: AnonymousUser - Path: /api/conversations/c4a6ddad-73b4-4b9f-b58d-2c8e7f0db836
2025-07-27 21:43:14.164860 - User: lesedi - Path: /api/conversations/c4a6ddad-73b4-4b9f-b58d-2c8e7f0db836/
2025-07-27 21:43:31.881470 - User: AnonymousUser - Path: /api/conversations/c4a6ddad-73b4-4b9f-b58d-2c8e7f0db836/messages
2025-07-27 21:43:31.909876 - User: lesedi - Path: /api/conversations/c4a6ddad-73b4-4b9f-b58d-2c8e7f0db836/messages/
2025-07-27 21:43:55.313071 - User: AnonymousUser - Path: /api/conversations/c4a6ddad-73b4-4b9f-b58d-2c8e7f0db836/messages/f0acc1e2-0542-4401-b05b-73d159593dd3
2025-07-27 21:43:55.336162 - User: lesedi - Path: /api/conversations/c4a6ddad-73b4-4b9f-b58d-2c8e7f0db836/messages/f0acc1e2-0542-4401-b05b-73d159593dd3/
2025-07-27 21:47:53.240125 - User: AnonymousUser - Path: /api/conversations/c4a6ddad-73b4-4b9f-b58d-2c8e7f0db836/messages/f0acc1e2-0542-4401-b05b-73d159593dd3
2025-07-27 21:47:53.282458 - User: AnonymousUser - Path: /api/conversations/c4a6ddad-73b4-4b9f-b58d-2c8e7f0db836/messages/f0acc1e2-0542-4401-b05b-73d159593dd3/
2025-07-27 21:48:17.857679 - User: AnonymousUser - Path: /api/token
2025-07-27 21:48:20.746239 - User: AnonymousUser - Path: /api/token/
2025-07-27 21:48:47.825433 - User: AnonymousUser - Path: /api/conversations
2025-07-27 21:48:47.864829 - User: lesedi - Path: /api/conversations/
2025-07-27 21:51:23.114091 - User: AnonymousUser - Path: /api/conversations
2025-07-27 21:51:23.171807 - User: lesedi - Path: /api/conversations/
2025-07-27 21:51:24.935603 - User: AnonymousUser - Path: /api/conversations
2025-07-27 21:51:25.039332 - User: lesedi - Path: /api/conversations/
2025-07-27 21:51:31.221612 - User: AnonymousUser - Path: /api/conversations
2025-07-27 21:51:31.268421 - User: lesedi - Path: /api/conversations/
2025-07-27 21:51:33.635619 - User: AnonymousUser - Path: /api/conversations
2025-07-27 21:51:33.680027 - User: lesedi - Path: /api/conversations/
2025-07-27 21:52:45.631731 - User: AnonymousUser - Path: /api/conversations
2025-07-27 21:52:45.695650 - User: lesedi - Path: /api/conversations/
2025-07-27 21:54:23.553320 - User: AnonymousUser - Path: /api/conversations
2025-07-27 21:54:23.600922 - User: AnonymousUser - Path: /api/conversations/
2025-07-27 21:54:25.628618 - User: AnonymousUser - Path: /api/conversations
2025-07-27 21:54:25.655071 - User: AnonymousUser - Path: /api/conversations/
2025-07-27 21:55:46.344380 - User: AnonymousUser - Path: /api/conversations
2025-07-27 21:55:46.381122 - User: AnonymousUser - Path: /api/conversations/
2025-07-27 21:55:47.446952 - User: AnonymousUser - Path: /api/conversations
2025-07-27 21:55:47.470725 - User: AnonymousUser - Path: /api/conversations/
2025-07-27 21:57:21.785130 - User: AnonymousUser - Path: /api/conversations
2025-07-27 21:57:21.821833 - User: AnonymousUser - Path: /api/conversations/
2025-07-27 21:57:24.165730 - User: AnonymousUser - Path: /api/conversations
2025-07-27 21:57:24.194601 - User: AnonymousUser - Path: /api/conversations/
2025-07-27 21:57:48.364387 - User: AnonymousUser - Path: /api/conversations
2025-07-27 21:57:48.400553 - User: AnonymousUser - Path: /api/conversations/
2025-07-27 21:57:50.961769 - User: AnonymousUser - Path: /api/conversations
2025-07-27 21:57:50.993111 - User: AnonymousUser - Path: /api/conversations/
2025-07-27 21:58:01.765189 - User: AnonymousUser - Path: /api/conversations
2025-07-27 21:58:01.804268 - User: AnonymousUser - Path: /api/conversations/
2025-07-27 21:58:03.029914 - User: AnonymousUser - Path: /api/conversations
2025-07-27 21:58:03.064801 - User: AnonymousUser - Path: /api/conversations/
2025-07-27 22:01:42.329027 - User: AnonymousUser - Path: /api/conversations
2025-07-27 22:01:42.365172 - User: AnonymousUser - Path: /api/conversations/
2025-07-27 22:02:05.409441 - User: AnonymousUser - Path: /api/conversations
2025-07-27 22:02:05.458576 - User: AnonymousUser - Path: /api/conversations/
2025-07-27 22:02:07.489020 - User: AnonymousUser - Path: /api/conversations
2025-07-27 22:02:07.510963 - User: AnonymousUser - Path: /api/conversations/
2025-07-27 22:02:18.335041 - User: AnonymousUser - Path: /api/conversations
2025-07-27 22:02:18.367110 - User: AnonymousUser - Path: /api/conversations/
2025-07-27 22:02:20.422393 - User: AnonymousUser - Path: /api/conversations
2025-07-27 22:02:20.440714 - User: AnonymousUser - Path: /api/conversations/
2025-07-27 22:04:52.976262 - User: AnonymousUser - Path: /api/conversations
2025-07-27 22:04:53.025901 - User: AnonymousUser - Path: /api/conversations/
2025-07-27 22:05:05.300115 - User: AnonymousUser - Path: /api/conversations
2025-07-27 22:05:05.348135 - User: AnonymousUser - Path: /api/conversations/
2025-07-27 22:05:07.162241 - User: AnonymousUser - Path: /api/conversations
2025-07-27 22:05:07.186860 - User: AnonymousUser - Path: /api/conversations/
2025-07-27 22:05:15.421470 - User: AnonymousUser - Path: /api/conversations
2025-07-27 22:05:15.467385 - User: AnonymousUser - Path: /api/conversations/
2025-07-27 22:05:18.082954 - User: AnonymousUser - Path: /api/conversations
2025-07-27 22:05:18.102315 - User: AnonymousUser - Path: /api/conversations/
2025-07-27 22:05:44.058429 - User: AnonymousUser - Path: /api/conversations
2025-07-27 22:05:44.140994 - User: AnonymousUser - Path: /api/conversations/
2025-07-27 22:05:45.198167 - User: AnonymousUser - Path: /api/conversations
2025-07-27 22:05:45.225556 - User: AnonymousUser - Path: /api/conversations/
2025-07-27 22:06:17.351065 - User: AnonymousUser - Path: /api/conversations
2025-07-27 22:06:17.392688 - User: AnonymousUser - Path: /api/conversations/
